No files changed, compilation skipped
Warning: Detected artifacts built from source files that no longer exist. Run `forge clean` to make sure builds are in sync with project files.
 - /home/d4rk/my_folder/dedsec/my_github/Bridge_ctf/script/DeployCongrats.s.sol
 - /home/d4rk/my_folder/dedsec/my_github/Bridge_ctf/src/Congrats.sol
Script ran successfully.

== Return ==
0: address 0x5FbDB2315678afecb367f032d93F642f64180aa3

== Logs ==
  WETH deployed at 0x5FbDB2315678afecb367f032d93F642f64180aa3

## Setting up 1 EVM.

==========================

Chain 31337

Estimated gas price: 2.000000001 gwei

Estimated total gas used for script: 1630463

Estimated amount required: 0.003260926001630463 ETH

==========================


==========================

ONCHAIN EXECUTION COMPLETE & SUCCESSFUL.

Transactions saved to: /home/d4rk/my_folder/dedsec/my_github/Bridge_ctf/broadcast/DeployWETH.s.sol/31337/run-latest.json

Sensitive values saved to: /home/d4rk/my_folder/dedsec/my_github/Bridge_ctf/cache/DeployWETH.s.sol/31337/run-latest.json

